<?xml version="1.0" encoding="UTF-8"?>
<coverage generated="1779157485263" clover="3.2.0">
  <project timestamp="1779157485263" name="All files">
    <metrics statements="63" coveredstatements="60" conditionals="30" coveredconditionals="26" methods="6" coveredmethods="6" elements="99" coveredelements="92" complexity="0" loc="63" ncloc="63" packages="1" files="3" classes="3"/>
    <file name="cli.ts" path="/Users/pietromarques/sunshine-virtual-display/src/cli.ts">
      <metrics statements="34" coveredstatements="32" conditionals="22" coveredconditionals="19" methods="1" coveredmethods="1"/>
      <line num="15" count="6" type="stmt"/>
      <line num="16" count="6" type="stmt"/>
      <line num="17" count="6" type="stmt"/>
      <line num="19" count="6" type="cond" truecount="2" falsecount="0"/>
      <line num="20" count="2" type="stmt"/>
      <line num="23" count="2" type="stmt"/>
      <line num="24" count="2" type="stmt"/>
      <line num="26" count="2" type="cond" truecount="4" falsecount="0"/>
      <line num="27" count="1" type="stmt"/>
      <line num="30" count="1" type="stmt"/>
      <line num="31" count="1" type="stmt"/>
      <line num="34" count="2" type="cond" truecount="2" falsecount="0"/>
      <line num="35" count="1" type="stmt"/>
      <line num="36" count="1" type="stmt"/>
      <line num="38" count="1" type="stmt"/>
      <line num="39" count="1" type="stmt"/>
      <line num="43" count="4" type="stmt"/>
      <line num="44" count="4" type="stmt"/>
      <line num="46" count="4" type="cond" truecount="4" falsecount="0"/>
      <line num="47" count="1" type="stmt"/>
      <line num="53" count="1" type="stmt"/>
      <line num="54" count="1" type="cond" truecount="1" falsecount="1"/>
      <line num="55" count="3" type="cond" truecount="2" falsecount="2"/>
      <line num="56" count="0" type="stmt"/>
      <line num="57" count="0" type="stmt"/>
      <line num="63" count="4" type="stmt"/>
      <line num="84" count="4" type="cond" truecount="2" falsecount="0"/>
      <line num="85" count="1" type="stmt"/>
      <line num="88" count="3" type="stmt"/>
      <line num="91" count="3" type="stmt"/>
      <line num="100" count="3" type="cond" truecount="2" falsecount="0"/>
      <line num="101" count="1" type="stmt"/>
      <line num="103" count="2" type="stmt"/>
      <line num="106" count="4" type="stmt"/>
    </file>
    <file name="sunshine.ts" path="/Users/pietromarques/sunshine-virtual-display/src/sunshine.ts">
      <metrics statements="4" coveredstatements="4" conditionals="2" coveredconditionals="2" methods="1" coveredmethods="1"/>
      <line num="9" count="2" type="stmt"/>
      <line num="17" count="2" type="cond" truecount="2" falsecount="0"/>
      <line num="19" count="1" type="stmt"/>
      <line num="22" count="2" type="stmt"/>
    </file>
    <file name="utils.ts" path="/Users/pietromarques/sunshine-virtual-display/src/utils.ts">
      <metrics statements="25" coveredstatements="24" conditionals="6" coveredconditionals="5" methods="4" coveredmethods="4"/>
      <line num="5" count="1" type="stmt"/>
      <line num="13" count="4" type="cond" truecount="2" falsecount="0"/>
      <line num="14" count="1" type="stmt"/>
      <line num="17" count="3" type="stmt"/>
      <line num="18" count="3" type="stmt"/>
      <line num="19" count="1" type="stmt"/>
      <line num="20" count="1" type="cond" truecount="1" falsecount="1"/>
      <line num="25" count="2" type="stmt"/>
      <line num="32" count="2" type="stmt"/>
      <line num="33" count="6" type="stmt"/>
      <line num="34" count="6" type="stmt"/>
      <line num="35" count="1" type="stmt"/>
      <line num="41" count="1" type="stmt"/>
      <line num="49" count="2" type="stmt"/>
      <line num="50" count="2" type="stmt"/>
      <line num="51" count="2" type="stmt"/>
      <line num="53" count="3" type="stmt"/>
      <line num="54" count="2" type="cond" truecount="2" falsecount="0"/>
      <line num="55" count="1" type="stmt"/>
      <line num="57" count="1" type="stmt"/>
      <line num="59" count="0" type="stmt"/>
      <line num="67" count="2" type="stmt"/>
      <line num="68" count="2" type="stmt"/>
      <line num="69" count="1" type="stmt"/>
      <line num="71" count="1" type="stmt"/>
    </file>
  </project>
</coverage>
