{
  "/Users/pietromarques/sunshine-virtual-display/src/cli.ts": {
    "path": "/Users/pietromarques/sunshine-virtual-display/src/cli.ts",
    "statementMap": {
      "0": { "start": { "line": 15, "column": 24 }, "end": { "line": 15, "column": null } },
      "1": { "start": { "line": 16, "column": 41 }, "end": { "line": 16, "column": null } },
      "2": { "start": { "line": 17, "column": 20 }, "end": { "line": 17, "column": null } },
      "3": { "start": { "line": 19, "column": 2 }, "end": { "line": 104, "column": null } },
      "4": { "start": { "line": 20, "column": 4 }, "end": { "line": 20, "column": null } },
      "5": { "start": { "line": 23, "column": 24 }, "end": { "line": 23, "column": null } },
      "6": { "start": { "line": 24, "column": 27 }, "end": { "line": 24, "column": null } },
      "7": { "start": { "line": 26, "column": 4 }, "end": { "line": 32, "column": null } },
      "8": { "start": { "line": 27, "column": 6 }, "end": { "line": 29, "column": null } },
      "9": { "start": { "line": 30, "column": 6 }, "end": { "line": 30, "column": null } },
      "10": { "start": { "line": 31, "column": 6 }, "end": { "line": 31, "column": null } },
      "11": { "start": { "line": 34, "column": 4 }, "end": { "line": 40, "column": null } },
      "12": { "start": { "line": 35, "column": 6 }, "end": { "line": 35, "column": null } },
      "13": { "start": { "line": 36, "column": 6 }, "end": { "line": 36, "column": null } },
      "14": { "start": { "line": 38, "column": 6 }, "end": { "line": 38, "column": null } },
      "15": { "start": { "line": 39, "column": 6 }, "end": { "line": 39, "column": null } },
      "16": { "start": { "line": 43, "column": 24 }, "end": { "line": 43, "column": null } },
      "17": { "start": { "line": 44, "column": 27 }, "end": { "line": 44, "column": null } },
      "18": { "start": { "line": 46, "column": 4 }, "end": { "line": 60, "column": null } },
      "19": { "start": { "line": 47, "column": 29 }, "end": { "line": 52, "column": null } },
      "20": { "start": { "line": 53, "column": 6 }, "end": { "line": 53, "column": null } },
      "21": { "start": { "line": 54, "column": 6 }, "end": { "line": 54, "column": null } },
      "22": { "start": { "line": 54, "column": 27 }, "end": { "line": 54, "column": null } },
      "23": { "start": { "line": 55, "column": 11 }, "end": { "line": 60, "column": null } },
      "24": { "start": { "line": 56, "column": 6 }, "end": { "line": 56, "column": null } },
      "25": { "start": { "line": 57, "column": 6 }, "end": { "line": 59, "column": null } },
      "26": { "start": { "line": 63, "column": 28 }, "end": { "line": 82, "column": null } },
      "27": { "start": { "line": 84, "column": 4 }, "end": { "line": 86, "column": null } },
      "28": { "start": { "line": 85, "column": 6 }, "end": { "line": 85, "column": null } },
      "29": { "start": { "line": 88, "column": 4 }, "end": { "line": 88, "column": null } },
      "30": { "start": { "line": 91, "column": 26 }, "end": { "line": 98, "column": null } },
      "31": { "start": { "line": 100, "column": 4 }, "end": { "line": 102, "column": null } },
      "32": { "start": { "line": 101, "column": 6 }, "end": { "line": 101, "column": null } },
      "33": { "start": { "line": 103, "column": 4 }, "end": { "line": 103, "column": null } },
      "34": { "start": { "line": 106, "column": 2 }, "end": { "line": 106, "column": null } }
    },
    "fnMap": {
      "0": {
        "name": "runInteractiveMenu",
        "decl": { "start": { "line": 13, "column": 22 }, "end": { "line": 13, "column": 41 } },
        "loc": { "start": { "line": 13, "column": 87 }, "end": { "line": 107, "column": null } },
        "line": 13
      }
    },
    "branchMap": {
      "0": {
        "loc": { "start": { "line": 19, "column": 2 }, "end": { "line": 104, "column": null } },
        "type": "if",
        "locations": [
          { "start": { "line": 19, "column": 2 }, "end": { "line": 104, "column": null } },
          { "start": { "line": 41, "column": 9 }, "end": { "line": 104, "column": null } }
        ],
        "line": 19
      },
      "1": {
        "loc": { "start": { "line": 26, "column": 4 }, "end": { "line": 32, "column": null } },
        "type": "if",
        "locations": [
          { "start": { "line": 26, "column": 4 }, "end": { "line": 32, "column": null } },
          { "start": {}, "end": {} }
        ],
        "line": 26
      },
      "2": {
        "loc": { "start": { "line": 26, "column": 8 }, "end": { "line": 26, "column": 39 } },
        "type": "binary-expr",
        "locations": [
          { "start": { "line": 26, "column": 8 }, "end": { "line": 26, "column": 23 } },
          { "start": { "line": 26, "column": 23 }, "end": { "line": 26, "column": 39 } }
        ],
        "line": 26
      },
      "3": {
        "loc": { "start": { "line": 34, "column": 4 }, "end": { "line": 40, "column": null } },
        "type": "if",
        "locations": [
          { "start": { "line": 34, "column": 4 }, "end": { "line": 40, "column": null } },
          { "start": { "line": 37, "column": 11 }, "end": { "line": 40, "column": null } }
        ],
        "line": 34
      },
      "4": {
        "loc": { "start": { "line": 46, "column": 4 }, "end": { "line": 60, "column": null } },
        "type": "if",
        "locations": [
          { "start": { "line": 46, "column": 4 }, "end": { "line": 60, "column": null } },
          { "start": { "line": 55, "column": 11 }, "end": { "line": 60, "column": null } }
        ],
        "line": 46
      },
      "5": {
        "loc": { "start": { "line": 46, "column": 8 }, "end": { "line": 46, "column": 39 } },
        "type": "binary-expr",
        "locations": [
          { "start": { "line": 46, "column": 8 }, "end": { "line": 46, "column": 23 } },
          { "start": { "line": 46, "column": 23 }, "end": { "line": 46, "column": 39 } }
        ],
        "line": 46
      },
      "6": {
        "loc": { "start": { "line": 54, "column": 6 }, "end": { "line": 54, "column": null } },
        "type": "if",
        "locations": [
          { "start": { "line": 54, "column": 6 }, "end": { "line": 54, "column": null } },
          { "start": {}, "end": {} }
        ],
        "line": 54
      },
      "7": {
        "loc": { "start": { "line": 55, "column": 11 }, "end": { "line": 60, "column": null } },
        "type": "if",
        "locations": [
          { "start": { "line": 55, "column": 11 }, "end": { "line": 60, "column": null } },
          { "start": {}, "end": {} }
        ],
        "line": 55
      },
      "8": {
        "loc": { "start": { "line": 55, "column": 15 }, "end": { "line": 55, "column": 47 } },
        "type": "binary-expr",
        "locations": [
          { "start": { "line": 55, "column": 15 }, "end": { "line": 55, "column": 30 } },
          { "start": { "line": 55, "column": 30 }, "end": { "line": 55, "column": 47 } }
        ],
        "line": 55
      },
      "9": {
        "loc": { "start": { "line": 84, "column": 4 }, "end": { "line": 86, "column": null } },
        "type": "if",
        "locations": [
          { "start": { "line": 84, "column": 4 }, "end": { "line": 86, "column": null } },
          { "start": {}, "end": {} }
        ],
        "line": 84
      },
      "10": {
        "loc": { "start": { "line": 100, "column": 4 }, "end": { "line": 102, "column": null } },
        "type": "if",
        "locations": [
          { "start": { "line": 100, "column": 4 }, "end": { "line": 102, "column": null } },
          { "start": {}, "end": {} }
        ],
        "line": 100
      }
    },
    "s": {
      "0": 6,
      "1": 6,
      "2": 6,
      "3": 6,
      "4": 2,
      "5": 2,
      "6": 2,
      "7": 2,
      "8": 1,
      "9": 1,
      "10": 1,
      "11": 2,
      "12": 1,
      "13": 1,
      "14": 1,
      "15": 1,
      "16": 4,
      "17": 4,
      "18": 4,
      "19": 1,
      "20": 1,
      "21": 1,
      "22": 1,
      "23": 3,
      "24": 0,
      "25": 0,
      "26": 4,
      "27": 4,
      "28": 1,
      "29": 3,
      "30": 3,
      "31": 3,
      "32": 1,
      "33": 2,
      "34": 4
    },
    "f": { "0": 6 },
    "b": {
      "0": [2, 4],
      "1": [1, 1],
      "2": [2, 1],
      "3": [1, 1],
      "4": [1, 3],
      "5": [4, 1],
      "6": [1, 0],
      "7": [0, 3],
      "8": [3, 0],
      "9": [1, 3],
      "10": [1, 2]
    },
    "meta": {
      "lastBranch": 11,
      "lastFunction": 1,
      "lastStatement": 35,
      "seen": {
        "f:13:22:13:41": 0,
        "s:15:24:15:Infinity": 0,
        "s:16:41:16:Infinity": 1,
        "s:17:20:17:Infinity": 2,
        "b:19:2:104:Infinity:41:9:104:Infinity": 0,
        "s:19:2:104:Infinity": 3,
        "s:20:4:20:Infinity": 4,
        "s:23:24:23:Infinity": 5,
        "s:24:27:24:Infinity": 6,
        "b:26:4:32:Infinity:undefined:undefined:undefined:undefined": 1,
        "s:26:4:32:Infinity": 7,
        "b:26:8:26:23:26:23:26:39": 2,
        "s:27:6:29:Infinity": 8,
        "s:30:6:30:Infinity": 9,
        "s:31:6:31:Infinity": 10,
        "b:34:4:40:Infinity:37:11:40:Infinity": 3,
        "s:34:4:40:Infinity": 11,
        "s:35:6:35:Infinity": 12,
        "s:36:6:36:Infinity": 13,
        "s:38:6:38:Infinity": 14,
        "s:39:6:39:Infinity": 15,
        "s:43:24:43:Infinity": 16,
        "s:44:27:44:Infinity": 17,
        "b:46:4:60:Infinity:55:11:60:Infinity": 4,
        "s:46:4:60:Infinity": 18,
        "b:46:8:46:23:46:23:46:39": 5,
        "s:47:29:52:Infinity": 19,
        "s:53:6:53:Infinity": 20,
        "b:54:6:54:Infinity:undefined:undefined:undefined:undefined": 6,
        "s:54:6:54:Infinity": 21,
        "s:54:27:54:Infinity": 22,
        "b:55:11:60:Infinity:undefined:undefined:undefined:undefined": 7,
        "s:55:11:60:Infinity": 23,
        "b:55:15:55:30:55:30:55:47": 8,
        "s:56:6:56:Infinity": 24,
        "s:57:6:59:Infinity": 25,
        "s:63:28:82:Infinity": 26,
        "b:84:4:86:Infinity:undefined:undefined:undefined:undefined": 9,
        "s:84:4:86:Infinity": 27,
        "s:85:6:85:Infinity": 28,
        "s:88:4:88:Infinity": 29,
        "s:91:26:98:Infinity": 30,
        "b:100:4:102:Infinity:undefined:undefined:undefined:undefined": 10,
        "s:100:4:102:Infinity": 31,
        "s:101:6:101:Infinity": 32,
        "s:103:4:103:Infinity": 33,
        "s:106:2:106:Infinity": 34
      }
    }
  },
  "/Users/pietromarques/sunshine-virtual-display/src/sunshine.ts": {
    "path": "/Users/pietromarques/sunshine-virtual-display/src/sunshine.ts",
    "statementMap": {
      "0": { "start": { "line": 9, "column": 30 }, "end": { "line": 15, "column": null } },
      "1": { "start": { "line": 17, "column": 2 }, "end": { "line": 20, "column": null } },
      "2": { "start": { "line": 19, "column": 4 }, "end": { "line": 19, "column": null } },
      "3": { "start": { "line": 22, "column": 2 }, "end": { "line": 22, "column": null } }
    },
    "fnMap": {
      "0": {
        "name": "generateSunshineConfig",
        "decl": { "start": { "line": 1, "column": 16 }, "end": { "line": 1, "column": null } },
        "loc": { "start": { "line": 6, "column": 10 }, "end": { "line": 23, "column": null } },
        "line": 6
      }
    },
    "branchMap": {
      "0": {
        "loc": { "start": { "line": 17, "column": 2 }, "end": { "line": 20, "column": null } },
        "type": "if",
        "locations": [
          { "start": { "line": 17, "column": 2 }, "end": { "line": 20, "column": null } },
          { "start": {}, "end": {} }
        ],
        "line": 17
      }
    },
    "s": { "0": 2, "1": 2, "2": 1, "3": 2 },
    "f": { "0": 2 },
    "b": { "0": [1, 1] },
    "meta": {
      "lastBranch": 1,
      "lastFunction": 1,
      "lastStatement": 4,
      "seen": {
        "f:1:16:1:Infinity": 0,
        "s:9:30:15:Infinity": 0,
        "b:17:2:20:Infinity:undefined:undefined:undefined:undefined": 0,
        "s:17:2:20:Infinity": 1,
        "s:19:4:19:Infinity": 2,
        "s:22:2:22:Infinity": 3
      }
    }
  },
  "/Users/pietromarques/sunshine-virtual-display/src/utils.ts": {
    "path": "/Users/pietromarques/sunshine-virtual-display/src/utils.ts",
    "statementMap": {
      "0": { "start": { "line": 5, "column": 6 }, "end": { "line": 5, "column": null } },
      "1": { "start": { "line": 13, "column": 2 }, "end": { "line": 15, "column": null } },
      "2": { "start": { "line": 14, "column": 4 }, "end": { "line": 14, "column": null } },
      "3": { "start": { "line": 17, "column": 2 }, "end": { "line": 23, "column": null } },
      "4": { "start": { "line": 18, "column": 23 }, "end": { "line": 18, "column": null } },
      "5": { "start": { "line": 19, "column": 20 }, "end": { "line": 19, "column": null } },
      "6": { "start": { "line": 20, "column": 4 }, "end": { "line": 20, "column": null } },
      "7": { "start": { "line": 20, "column": 17 }, "end": { "line": 20, "column": null } },
      "8": { "start": { "line": 25, "column": 22 }, "end": { "line": 30, "column": null } },
      "9": { "start": { "line": 32, "column": 2 }, "end": { "line": 39, "column": null } },
      "10": { "start": { "line": 33, "column": 4 }, "end": { "line": 38, "column": null } },
      "11": { "start": { "line": 34, "column": 6 }, "end": { "line": 34, "column": null } },
      "12": { "start": { "line": 35, "column": 6 }, "end": { "line": 35, "column": null } },
      "13": { "start": { "line": 41, "column": 2 }, "end": { "line": 41, "column": null } },
      "14": { "start": { "line": 49, "column": 2 }, "end": { "line": 60, "column": null } },
      "15": { "start": { "line": 50, "column": 23 }, "end": { "line": 50, "column": null } },
      "16": { "start": { "line": 51, "column": 18 }, "end": { "line": 51, "column": null } },
      "17": { "start": { "line": 53, "column": 23 }, "end": { "line": 53, "column": null } },
      "18": { "start": { "line": 53, "column": 44 }, "end": { "line": 53, "column": 69 } },
      "19": { "start": { "line": 54, "column": 4 }, "end": { "line": 56, "column": null } },
      "20": { "start": { "line": 55, "column": 6 }, "end": { "line": 55, "column": null } },
      "21": { "start": { "line": 57, "column": 4 }, "end": { "line": 57, "column": null } },
      "22": { "start": { "line": 59, "column": 4 }, "end": { "line": 59, "column": null } },
      "23": { "start": { "line": 67, "column": 2 }, "end": { "line": 72, "column": null } },
      "24": { "start": { "line": 68, "column": 4 }, "end": { "line": 68, "column": null } },
      "25": { "start": { "line": 69, "column": 4 }, "end": { "line": 69, "column": null } },
      "26": { "start": { "line": 71, "column": 4 }, "end": { "line": 71, "column": null } }
    },
    "fnMap": {
      "0": {
        "name": "findSunshineBin",
        "decl": { "start": { "line": 11, "column": 22 }, "end": { "line": 11, "column": 57 } },
        "loc": { "start": { "line": 11, "column": 57 }, "end": { "line": 42, "column": null } },
        "line": 11
      },
      "1": {
        "name": "getAdbDeviceId",
        "decl": { "start": { "line": 48, "column": 22 }, "end": { "line": 48, "column": 63 } },
        "loc": { "start": { "line": 48, "column": 63 }, "end": { "line": 61, "column": null } },
        "line": 48
      },
      "2": {
        "name": "(anonymous_2)",
        "decl": { "start": { "line": 53, "column": 29 }, "end": { "line": 53, "column": 35 } },
        "loc": { "start": { "line": 53, "column": 44 }, "end": { "line": 53, "column": 69 } },
        "line": 53
      },
      "3": {
        "name": "hasGnirehtet",
        "decl": { "start": { "line": 66, "column": 22 }, "end": { "line": 66, "column": 55 } },
        "loc": { "start": { "line": 66, "column": 55 }, "end": { "line": 73, "column": null } },
        "line": 66
      }
    },
    "branchMap": {
      "0": {
        "loc": { "start": { "line": 13, "column": 2 }, "end": { "line": 15, "column": null } },
        "type": "if",
        "locations": [
          { "start": { "line": 13, "column": 2 }, "end": { "line": 15, "column": null } },
          { "start": {}, "end": {} }
        ],
        "line": 13
      },
      "1": {
        "loc": { "start": { "line": 20, "column": 4 }, "end": { "line": 20, "column": null } },
        "type": "if",
        "locations": [
          { "start": { "line": 20, "column": 4 }, "end": { "line": 20, "column": null } },
          { "start": {}, "end": {} }
        ],
        "line": 20
      },
      "2": {
        "loc": { "start": { "line": 54, "column": 4 }, "end": { "line": 56, "column": null } },
        "type": "if",
        "locations": [
          { "start": { "line": 54, "column": 4 }, "end": { "line": 56, "column": null } },
          { "start": {}, "end": {} }
        ],
        "line": 54
      }
    },
    "s": {
      "0": 1,
      "1": 4,
      "2": 1,
      "3": 3,
      "4": 3,
      "5": 1,
      "6": 1,
      "7": 1,
      "8": 2,
      "9": 2,
      "10": 6,
      "11": 6,
      "12": 1,
      "13": 1,
      "14": 2,
      "15": 2,
      "16": 2,
      "17": 2,
      "18": 3,
      "19": 2,
      "20": 1,
      "21": 1,
      "22": 0,
      "23": 2,
      "24": 2,
      "25": 1,
      "26": 1
    },
    "f": { "0": 4, "1": 2, "2": 3, "3": 2 },
    "b": { "0": [1, 3], "1": [1, 0], "2": [1, 1] },
    "meta": {
      "lastBranch": 3,
      "lastFunction": 4,
      "lastStatement": 27,
      "seen": {
        "s:5:6:5:Infinity": 0,
        "f:11:22:11:57": 0,
        "b:13:2:15:Infinity:undefined:undefined:undefined:undefined": 0,
        "s:13:2:15:Infinity": 1,
        "s:14:4:14:Infinity": 2,
        "s:17:2:23:Infinity": 3,
        "s:18:23:18:Infinity": 4,
        "s:19:20:19:Infinity": 5,
        "b:20:4:20:Infinity:undefined:undefined:undefined:undefined": 1,
        "s:20:4:20:Infinity": 6,
        "s:20:17:20:Infinity": 7,
        "s:25:22:30:Infinity": 8,
        "s:32:2:39:Infinity": 9,
        "s:33:4:38:Infinity": 10,
        "s:34:6:34:Infinity": 11,
        "s:35:6:35:Infinity": 12,
        "s:41:2:41:Infinity": 13,
        "f:48:22:48:63": 1,
        "s:49:2:60:Infinity": 14,
        "s:50:23:50:Infinity": 15,
        "s:51:18:51:Infinity": 16,
        "s:53:23:53:Infinity": 17,
        "f:53:29:53:35": 2,
        "s:53:44:53:69": 18,
        "b:54:4:56:Infinity:undefined:undefined:undefined:undefined": 2,
        "s:54:4:56:Infinity": 19,
        "s:55:6:55:Infinity": 20,
        "s:57:4:57:Infinity": 21,
        "s:59:4:59:Infinity": 22,
        "f:66:22:66:55": 3,
        "s:67:2:72:Infinity": 23,
        "s:68:4:68:Infinity": 24,
        "s:69:4:69:Infinity": 25,
        "s:71:4:71:Infinity": 26
      }
    }
  }
}
